<?xml version="1.0" encoding="UTF-8"?>
<!-- Generated by org.testng.reporters.JUnitReportReporter -->
<testsuite hostname="LAPTOP-0NN6H2BM" failures="0" tests="1" name="Test_02.Secondclass" time="0.002" errors="0" timestamp="27 3æœˆ 2022 09:55:46 GMT" skipped="0">
  <testcase classname="Test_02.Secondclass" name="firstTest" time="0.002"/>
</testsuite> <!-- Test_02.Secondclass -->
