<?xml version="1.0" encoding="UTF-8"?>
<!-- Generated by org.testng.reporters.JUnitReportReporter -->
<testsuite hostname="LAPTOP-0NN6H2BM" failures="0" tests="2" name="Test_01.Fistclass" time="0.004" errors="0" timestamp="27 3æœˆ 2022 09:55:46 GMT" skipped="0">
  <testcase classname="Test_01.Fistclass" name="secondTest" time="0.002"/>
  <testcase classname="Test_01.Fistclass" name="firstTest" time="0.002"/>
</testsuite> <!-- Test_01.Fistclass -->
