<?xml version="1.0" encoding="UTF-8"?>
<!-- Generated by org.testng.reporters.JUnitReportReporter -->
<testsuite hostname="LAPTOP-0NN6H2BM" failures="0" tests="1" name="Test_02_keThua.ConkeThua" time="0.006" errors="0" timestamp="28 3æœˆ 2022 15:18:40 GMT" skipped="0">
  <testcase classname="Test_02_keThua.ConkeThua" name="testMethod" time="0.006"/>
</testsuite> <!-- Test_02_keThua.ConkeThua -->
