<?xml version="1.0" encoding="UTF-8"?>
<!-- Generated by org.testng.reporters.JUnitReportReporter -->
<testsuite hostname="LAPTOP-0NN6H2BM" failures="0" tests="1" name="TestAssert.ConkeThua" time="4.574" errors="0" timestamp="29 3æœˆ 2022 14:36:57 GMT" skipped="0">
  <testcase classname="TestAssert.ConkeThua" name="RunTest" time="4.574"/>
</testsuite> <!-- TestAssert.ConkeThua -->
