<?xml version="1.0" encoding="UTF-8"?>
<!-- Generated by org.testng.reporters.JUnitReportReporter -->
<testsuite hostname="LAPTOP-0NN6H2BM" failures="0" tests="1" name="Test_03_keThua2.ConkeThua" time="0.142" errors="0" timestamp="28 3æœˆ 2022 15:38:00 GMT" skipped="0">
  <testcase classname="Test_03_keThua2.ConkeThua" name="testMethod" time="0.142"/>
</testsuite> <!-- Test_03_keThua2.ConkeThua -->
