<?xml version="1.0" encoding="UTF-8"?>
<!-- Generated by org.testng.reporters.JUnitReportReporter -->
<testsuite hostname="LAPTOP-0NN6H2BM" failures="0" tests="2" name="Test_01.TestAnotation" time="0.005" errors="0" timestamp="27 3æœˆ 2022 14:50:58 GMT" skipped="0">
  <testcase classname="Test_01.TestAnotation" name="testOneMethod" time="0.004"/>
  <testcase classname="Test_01.TestAnotation" name="testTwoMethod" time="0.001"/>
</testsuite> <!-- Test_01.TestAnotation -->
